<?xml version="1.0" encoding="UTF-8"?>
<testsuite xmlns:xsi="http://www.w3.org/2001/XMLSchema-instance" xsi:noNamespaceSchemaLocation="https://maven.apache.org/surefire/maven-surefire-plugin/xsd/surefire-test-report.xsd" version="3.0.2" name="com.quizzapp.Riddler.RiddlerApplicationTests" time="3.974" tests="1" errors="0" skipped="0" failures="0">
  <properties>
[...]
</properties>
  <testcase name="contextLoads" classname="com.quizzapp.Riddler.RiddlerApplicationTests" time="0.381">
    <system-out><![CDATA[19:27:49.748 [main] INFO org.springframework.test.context.support.AnnotationConfigContextLoaderUtils -- Could not detect default configuration classes for test class [com.quizzapp.Riddler.RiddlerApplicationTests]: RiddlerApplicationTests does not declare any static, non-private, non-final, nested classes annotated with @Configuration.
19:27:49.831 [main] INFO org.springframework.boot.test.context.SpringBootTestContextBootstrapper -- Found @SpringBootConfiguration com.quizzapp.Riddler.RiddlerApplication for test class com.quizzapp.Riddler.RiddlerApplicationTests
19:27:49.981 [main] INFO org.springframework.boot.devtools.restart.RestartApplicationListener -- Restart disabled due to context in which it is running

  .   ____          _            __ _ _
 /\\ / ___'_ __ _ _(_)_ __  __ _ \ \ \ \
( ( )\___ | '_ | '_| | '_ \/ _` | \ \ \ \
 \\/  ___)| |_)| | | | | || (_| |  ) ) ) )
  '  |____| .__|_| |_|_| |_\__, | / / / /
 =========|_|==============|___/=/_/_/_/

 :: Spring Boot ::                (v3.4.2)

2025-02-24T19:27:50.217+05:30  INFO 1048021 --- [Riddler] [           main] c.q.Riddler.RiddlerApplicationTests      : Starting RiddlerApplicationTests using Java 17.0.13 with PID 1048021 (started by uttam in /home/uttam/Desktop/Office/Riddler)
2025-02-24T19:27:50.219+05:30  INFO 1048021 --- [Riddler] [           main] c.q.Riddler.RiddlerApplicationTests      : No active profile set, falling back to 1 default profile: "default"
2025-02-24T19:27:50.734+05:30  INFO 1048021 --- [Riddler] [           main] .s.d.r.c.RepositoryConfigurationDelegate : Bootstrapping Spring Data JPA repositories in DEFAULT mode.
2025-02-24T19:27:50.783+05:30  INFO 1048021 --- [Riddler] [           main] .s.d.r.c.RepositoryConfigurationDelegate : Finished Spring Data repository scanning in 41 ms. Found 3 JPA repository interfaces.
2025-02-24T19:27:51.145+05:30  INFO 1048021 --- [Riddler] [           main] o.hibernate.jpa.internal.util.LogHelper  : HHH000204: Processing PersistenceUnitInfo [name: default]
2025-02-24T19:27:51.183+05:30  INFO 1048021 --- [Riddler] [           main] org.hibernate.Version                    : HHH000412: Hibernate ORM core version 6.6.5.Final
2025-02-24T19:27:51.209+05:30  INFO 1048021 --- [Riddler] [           main] o.h.c.internal.RegionFactoryInitiator    : HHH000026: Second-level cache disabled
2025-02-24T19:27:51.434+05:30  INFO 1048021 --- [Riddler] [           main] o.s.o.j.p.SpringPersistenceUnitInfo      : No LoadTimeWeaver setup: ignoring JPA class transformer
2025-02-24T19:27:51.458+05:30  INFO 1048021 --- [Riddler] [           main] com.zaxxer.hikari.HikariDataSource       : HikariPool-1 - Starting...
2025-02-24T19:27:51.591+05:30  INFO 1048021 --- [Riddler] [           main] com.zaxxer.hikari.pool.HikariPool        : HikariPool-1 - Added connection com.mysql.cj.jdbc.ConnectionImpl@6f106af8
2025-02-24T19:27:51.593+05:30  INFO 1048021 --- [Riddler] [           main] com.zaxxer.hikari.HikariDataSource       : HikariPool-1 - Start completed.
2025-02-24T19:27:51.624+05:30  WARN 1048021 --- [Riddler] [           main] org.hibernate.orm.deprecation            : HHH90000025: MySQL8Dialect does not need to be specified explicitly using 'hibernate.dialect' (remove the property setting and it will be selected by default)
2025-02-24T19:27:51.625+05:30  WARN 1048021 --- [Riddler] [           main] org.hibernate.orm.deprecation            : HHH90000026: MySQL8Dialect has been deprecated; use org.hibernate.dialect.MySQLDialect instead
2025-02-24T19:27:51.641+05:30  INFO 1048021 --- [Riddler] [           main] org.hibernate.orm.connections.pooling    : HHH10001005: Database info:
	Database JDBC URL [Connecting through datasource 'HikariDataSource (HikariPool-1)']
	Database driver: undefined/unknown
	Database version: 8.0
	Autocommit mode: undefined/unknown
	Isolation level: undefined/unknown
	Minimum pool size: undefined/unknown
	Maximum pool size: undefined/unknown
2025-02-24T19:27:52.295+05:30  INFO 1048021 --- [Riddler] [           main] o.h.e.t.j.p.i.JtaPlatformInitiator       : HHH000489: No JTA platform available (set 'hibernate.transaction.jta.platform' to enable JTA platform integration)
2025-02-24T19:27:52.347+05:30  INFO 1048021 --- [Riddler] [           main] j.LocalContainerEntityManagerFactoryBean : Initialized JPA EntityManagerFactory for persistence unit 'default'
2025-02-24T19:27:52.647+05:30  WARN 1048021 --- [Riddler] [           main] JpaBaseConfiguration$JpaWebConfiguration : spring.jpa.open-in-view is enabled by default. Therefore, database queries may be performed during view rendering. Explicitly configure spring.jpa.open-in-view to disable this warning
2025-02-24T19:27:52.663+05:30  WARN 1048021 --- [Riddler] [           main] .s.s.UserDetailsServiceAutoConfiguration : 

Using generated security password: cf2293a0-7b3d-4c92-9188-b274b509601c

This generated password is for development use only. Your security configuration must be updated before running your application in production.

2025-02-24T19:27:52.674+05:30  INFO 1048021 --- [Riddler] [           main] r$InitializeUserDetailsManagerConfigurer : Global AuthenticationManager configured with UserDetailsService bean with name inMemoryUserDetailsManager
2025-02-24T19:27:53.201+05:30  INFO 1048021 --- [Riddler] [           main] c.q.Riddler.RiddlerApplicationTests      : Started RiddlerApplicationTests in 3.232 seconds (process running for 3.964)
]]></system-out>
  </testcase>
</testsuite>